<?xml version="1.0" encoding="UTF-8"?>
<!-- Generated by org.testng.reporters.JUnitReportReporter -->
<testsuite hostname="PRASHANTH-PC" failures="0" tests="3" name="com.flipkart.HomePageTest" time="10.309" errors="0" timestamp="13 Aug 2020 17:21:50 GMT" skipped="0">
  <testcase classname="com.flipkart.HomePageTest" name="goToCartPageDisplayTest" time="0.544"/>
  <testcase classname="com.flipkart.HomePageTest" name="searchCameraListTest" time="4.938"/>
  <testcase classname="com.flipkart.HomePageTest" name="productSelectionToAddToCartTest" time="4.827"/>
</testsuite> <!-- com.flipkart.HomePageTest -->
