<?xml version="1.0" encoding="UTF-8"?>
<!-- Generated by org.testng.reporters.JUnitReportReporter -->
<testsuite hostname="PRASHANTH-PC" failures="0" tests="1" name="com.test1.LaunchUrl_new" time="0.024" errors="0" timestamp="11 Aug 2020 11:33:21 GMT" skipped="0">
  <testcase classname="com.test1.LaunchUrl_new" name="LaunchUrl_new_1" time="0.024"/>
</testsuite> <!-- com.test1.LaunchUrl_new -->
