<?xml version="1.0" encoding="UTF-8"?>
<!-- Generated by org.testng.reporters.JUnitReportReporter -->
<testsuite hostname="PRASHANTH-PC" failures="0" tests="4" name="com.flipkart.GoToCartPageTest" time="22.581" errors="0" timestamp="13 Aug 2020 17:21:50 GMT" skipped="0">
  <testcase classname="com.flipkart.GoToCartPageTest" name="checkOutDetailsTest" time="6.648"/>
  <testcase classname="com.flipkart.GoToCartPageTest" name="verifyProductDataInCartTest" time="1.033"/>
  <testcase classname="com.flipkart.GoToCartPageTest" name="verifygoToCartPageDetailsTest" time="10.324"/>
  <testcase classname="com.flipkart.GoToCartPageTest" name="logOutTest" time="4.576"/>
</testsuite> <!-- com.flipkart.GoToCartPageTest -->
