<?xml version="1.0" encoding="UTF-8"?>
<!-- Generated by org.testng.reporters.JUnitReportReporter -->
<testsuite hostname="PRASHANTH-PC" failures="0" tests="2" name="com.flipkart.UserLoginTest" time="5.015" errors="0" timestamp="13 Aug 2020 17:21:50 GMT" skipped="0">
  <testcase classname="com.flipkart.UserLoginTest" name="LaunchUrlTest" time="0.389"/>
  <testcase classname="com.flipkart.UserLoginTest" name="loginUserTest" time="4.626"/>
</testsuite> <!-- com.flipkart.UserLoginTest -->
